{"uuid":"5a2e8120-4ff7-4374-8bd3-7a8fb710fc82","historyId":"5ac665aff6ee1565e9e1ae4dac1033e2","fullName":"com.automation.TestCase20.searchProductsAndVerifyCartAfterLogin","labels":[{"name":"package","value":"com.automation.TestCase20"},{"name":"testClass","value":"com.automation.TestCase20"},{"name":"testMethod","value":"searchProductsAndVerifyCartAfterLogin"},{"name":"parentSuite","value":"Default Suite"},{"name":"suite","value":"SeleniumBscandDatabase"},{"name":"subSuite","value":"com.automation.TestCase20"},{"name":"host","value":"FAM006869"},{"name":"thread","value":"90712@FAM006869.main(1)"},{"name":"framework","value":"testng"},{"name":"language","value":"java"},{"name":"story","value":"Search Products and Verify Cart After Login"},{"name":"epic","value":"Regression Tests"},{"name":"feature","value":"Search"},{"name":"severity","value":"critical"}],"links":[],"name":"Test Case 20: Search Products and Verify Cart After Login","status":"skipped","statusDetails":{"known":false,"muted":false,"flaky":false,"message":"Could not start a new session. Possible causes are invalid address of the remote server or browser start-up failure. \nHost info: host: 'FAM006869', ip: '2400:9800:121:25b9:594f:fdc1:19ff:b4cb%en0'","trace":"org.openqa.selenium.SessionNotCreatedException: Could not start a new session. Possible causes are invalid address of the remote server or browser start-up failure. \nHost info: host: 'FAM006869', ip: '2400:9800:121:25b9:594f:fdc1:19ff:b4cb%en0'\n\tat org.openqa.selenium.remote.RemoteWebDriver.execute(RemoteWebDriver.java:545)\n\tat org.openqa.selenium.remote.RemoteWebDriver.startSession(RemoteWebDriver.java:234)\n\tat org.openqa.selenium.remote.RemoteWebDriver.<init>(RemoteWebDriver.java:163)\n\tat org.openqa.selenium.chromium.ChromiumDriver.<init>(ChromiumDriver.java:114)\n\tat org.openqa.selenium.chrome.ChromeDriver.<init>(ChromeDriver.java:88)\n\tat org.openqa.selenium.chrome.ChromeDriver.<init>(ChromeDriver.java:83)\n\tat org.openqa.selenium.chrome.ChromeDriver.<init>(ChromeDriver.java:72)\n\tat com.automation.utils.BrowserManager.doBrowserSetup(BrowserManager.java:24)\n\tat com.automation.BaseTest.setUp(BaseTest.java:32)\n\tat java.base/jdk.internal.reflect.DirectMethodHandleAccessor.invoke(DirectMethodHandleAccessor.java:104)\n\tat java.base/java.lang.reflect.Method.invoke(Method.java:578)\n\tat org.testng.internal.invokers.MethodInvocationHelper.invokeMethod(MethodInvocationHelper.java:141)\n\tat org.testng.internal.invokers.MethodInvocationHelper.invokeMethodConsideringTimeout(MethodInvocationHelper.java:71)\n\tat org.testng.internal.invokers.ConfigInvoker.invokeConfigurationMethod(ConfigInvoker.java:400)\n\tat org.testng.internal.invokers.ConfigInvoker.invokeConfigurations(ConfigInvoker.java:333)\n\tat org.testng.internal.invokers.TestInvoker.runConfigMethods(TestInvoker.java:833)\n\tat org.testng.internal.invokers.TestInvoker.invokeMethod(TestInvoker.java:600)\n\tat org.testng.internal.invokers.TestInvoker.invokeTestMethod(TestInvoker.java:230)\n\tat org.testng.internal.invokers.MethodRunner.runInSequence(MethodRunner.java:63)\n\tat org.testng.internal.invokers.TestInvoker$MethodInvocationAgent.invoke(TestInvoker.java:992)\n\tat org.testng.internal.invokers.TestInvoker.invokeTestMethods(TestInvoker.java:203)\n\tat org.testng.internal.invokers.TestMethodWorker.invokeTestMethods(TestMethodWorker.java:154)\n\tat org.testng.internal.invokers.TestMethodWorker.run(TestMethodWorker.java:134)\n\tat java.base/java.util.ArrayList.forEach(ArrayList.java:1511)\n\tat org.testng.TestRunner.privateRun(TestRunner.java:739)\n\tat org.testng.TestRunner.run(TestRunner.java:614)\n\tat org.testng.SuiteRunner.runTest(SuiteRunner.java:421)\n\tat org.testng.SuiteRunner.runSequentially(SuiteRunner.java:413)\n\tat org.testng.SuiteRunner.privateRun(SuiteRunner.java:373)\n\tat org.testng.SuiteRunner.run(SuiteRunner.java:312)\n\tat org.testng.SuiteRunnerWorker.runSuite(SuiteRunnerWorker.java:52)\n\tat org.testng.SuiteRunnerWorker.run(SuiteRunnerWorker.java:95)\n\tat org.testng.TestNG.runSuitesSequentially(TestNG.java:1274)\n\tat org.testng.TestNG.runSuitesLocally(TestNG.java:1208)\n\tat org.testng.TestNG.runSuites(TestNG.java:1112)\n\tat org.testng.TestNG.run(TestNG.java:1079)\n\tat com.intellij.rt.testng.IDEARemoteTestNG.run(IDEARemoteTestNG.java:65)\n\tat com.intellij.rt.testng.RemoteTestNGStarter.main(RemoteTestNGStarter.java:105)\nCaused by: org.openqa.selenium.WebDriverException: Timed out waiting for driver server to bind the port.\nBuild info: version: '4.23.0', revision: '4df0a231af'\nSystem info: os.name: 'Mac OS X', os.arch: 'aarch64', os.version: '13.4', java.version: '19.0.2'\nDriver info: driver.version: ChromeDriver\n\tat org.openqa.selenium.remote.service.DriverService.start(DriverService.java:249)\n\tat org.openqa.selenium.remote.service.DriverCommandExecutor.execute(DriverCommandExecutor.java:117)\n\tat org.openqa.selenium.remote.RemoteWebDriver.execute(RemoteWebDriver.java:527)\n\t... 37 more\n"},"stage":"finished","description":"1. Launch browser\n2. Navigate to url 'http://automationexercise.com'\n3. Click on 'Products' button\n4. Verify user is navigated to ALL PRODUCTS page successfully\n5. Enter product name in search input and click search button\n6. Verify 'SEARCHED PRODUCTS' is visible\n7. Verify all the products related to search are visible\n8. Add those products to cart\n9. Click 'Cart' button and verify that products are visible in cart\n10. Click 'Signup / Login' button and submit login details\n11. Again, go to Cart page\n12. Verify that those products are visible in cart after login as well\n13. Remove all products that have been added\n14. Verify 'Cart is empty! Click here to buy products.' is visible","steps":[],"attachments":[],"parameters":[],"start":1729093004296,"stop":1729093004297}